<?xml version="1.0" encoding="utf-8"?><testsuites name="pytest tests"><testsuite name="pytest" errors="0" failures="0" skipped="0" tests="5" time="1.114" timestamp="2026-05-22T01:17:53.606940+00:00" hostname="agent-env-b21b3d6d-0d7e-49c4-92ea-23d262b35c6b"><testcase classname="backend.tests.test_portfolio_api" name="test_health_ok" time="0.344" /><testcase classname="backend.tests.test_portfolio_api" name="test_contact_invalid_email_returns_422" time="0.156" /><testcase classname="backend.tests.test_portfolio_api" name="test_contact_empty_name_returns_422" time="0.148" /><testcase classname="backend.tests.test_portfolio_api" name="test_contact_empty_message_returns_422" time="0.146" /><testcase classname="backend.tests.test_portfolio_api" name="test_contact_create_persists_and_lists" time="0.161" /></testsuite></testsuites>